This file contains any messages produced by compilers while
running configure, to aid debugging if configure makes a mistake.

It was created by leptonica configure 1.70, which was
generated by GNU Autoconf 2.69.  Invocation command line was

  $ ./configure 

## --------- ##
## Platform. ##
## --------- ##

hostname = vtc-ThinkStation-S30
uname -m = x86_64
uname -r = 3.16.0-33-generic
uname -s = Linux
uname -v = #44~14.04.1-Ubuntu SMP Fri Mar 13 10:33:29 UTC 2015

/usr/bin/uname -p = unknown
/bin/uname -X     = unknown

/bin/arch              = unknown
/usr/bin/arch -k       = unknown
/usr/convex/getsysinfo = unknown
/usr/bin/hostinfo      = unknown
/bin/machine           = unknown
/usr/bin/oslevel       = unknown
/bin/universe          = unknown

PATH: /usr/local/sbin
PATH: /usr/local/bin
PATH: /usr/sbin
PATH: /usr/bin
PATH: /sbin
PATH: /bin
PATH: /usr/games
PATH: /usr/local/games
PATH: /opt/gnuradio-3.7.6.1/bin


## ----------- ##
## Core tests. ##
## ----------- ##

configure:2254: checking build system type
configure:2268: result: x86_64-unknown-linux-gnu
configure:2288: checking host system type
configure:2301: result: x86_64-unknown-linux-gnu
configure:2342: checking how to print strings
configure:2369: result: printf
configure:2441: checking for gcc
configure:2457: found /usr/bin/gcc
configure:2468: result: gcc
configure:2697: checking for C compiler version
configure:2706: gcc --version >&5
gcc (Ubuntu 4.8.2-19ubuntu1) 4.8.2
Copyright (C) 2013 Free Software Foundation, Inc.
This is free software; see the source for copying conditions.  There is NO
warranty; not even for MERCHANTABILITY or FITNESS FOR A PARTICULAR PURPOSE.

configure:2717: $? = 0
configure:2706: gcc -v >&5
Using built-in specs.
COLLECT_GCC=gcc
COLLECT_LTO_WRAPPER=/usr/lib/gcc/x86_64-linux-gnu/4.8/lto-wrapper
Target: x86_64-linux-gnu
Configured with: ../src/configure -v --with-pkgversion='Ubuntu 4.8.2-19ubuntu1' --with-bugurl=file:///usr/share/doc/gcc-4.8/README.Bugs --enable-languages=c,c++,java,go,d,fortran,objc,obj-c++ --prefix=/usr --program-suffix=-4.8 --enable-shared --enable-linker-build-id --libexecdir=/usr/lib --without-included-gettext --enable-threads=posix --with-gxx-include-dir=/usr/include/c++/4.8 --libdir=/usr/lib --enable-nls --with-sysroot=/ --enable-clocale=gnu --enable-libstdcxx-debug --enable-libstdcxx-time=yes --enable-gnu-unique-object --disable-libmudflap --enable-plugin --with-system-zlib --disable-browser-plugin --enable-java-awt=gtk --enable-gtk-cairo --with-java-home=/usr/lib/jvm/java-1.5.0-gcj-4.8-amd64/jre --enable-java-home --with-jvm-root-dir=/usr/lib/jvm/java-1.5.0-gcj-4.8-amd64 --with-jvm-jar-dir=/usr/lib/jvm-exports/java-1.5.0-gcj-4.8-amd64 --with-arch-directory=amd64 --with-ecj-jar=/usr/share/java/eclipse-ecj.jar --enable-objc-gc --enable-multiarch --disable-werror --with-arch-32=i686 --with-abi=m64 --with-multilib-list=m32,m64,mx32 --with-tune=generic --enable-checking=release --build=x86_64-linux-gnu --host=x86_64-linux-gnu --target=x86_64-linux-gnu
Thread model: posix
gcc version 4.8.2 (Ubuntu 4.8.2-19ubuntu1) 
configure:2717: $? = 0
configure:2706: gcc -V >&5
gcc: error: unrecognized command line option '-V'
gcc: fatal error: no input files
compilation terminated.
configure:2717: $? = 4
configure:2706: gcc -qversion >&5
gcc: error: unrecognized command line option '-qversion'
gcc: fatal error: no input files
compilation terminated.
configure:2717: $? = 4
configure:2737: checking whether the C compiler works
configure:2759: gcc    conftest.c  >&5
configure:2763: $? = 0
configure:2811: result: yes
configure:2814: checking for C compiler default output file name
configure:2816: result: a.out
configure:2822: checking for suffix of executables
configure:2829: gcc -o conftest    conftest.c  >&5
configure:2833: $? = 0
configure:2855: result: 
configure:2877: checking whether we are cross compiling
configure:2885: gcc -o conftest    conftest.c  >&5
configure:2889: $? = 0
configure:2896: ./conftest
configure:2900: $? = 0
configure:2915: result: no
configure:2920: checking for suffix of object files
configure:2942: gcc -c   conftest.c >&5
configure:2946: $? = 0
configure:2967: result: o
configure:2971: checking whether we are using the GNU C compiler
configure:2990: gcc -c   conftest.c >&5
configure:2990: $? = 0
configure:2999: result: yes
configure:3008: checking whether gcc accepts -g
configure:3028: gcc -c -g  conftest.c >&5
configure:3028: $? = 0
configure:3069: result: yes
configure:3086: checking for gcc option to accept ISO C89
configure:3149: gcc  -c -g -O2  conftest.c >&5
configure:3149: $? = 0
configure:3162: result: none needed
configure:3187: checking whether gcc understands -c and -o together
configure:3209: gcc -c conftest.c -o conftest2.o
configure:3212: $? = 0
configure:3209: gcc -c conftest.c -o conftest2.o
configure:3212: $? = 0
configure:3224: result: yes
configure:3241: checking for a sed that does not truncate output
configure:3305: result: /bin/sed
configure:3323: checking for grep that handles long lines and -e
configure:3381: result: /bin/grep
configure:3386: checking for egrep
configure:3448: result: /bin/grep -E
configure:3453: checking for fgrep
configure:3515: result: /bin/grep -F
configure:3550: checking for ld used by gcc
configure:3617: result: /usr/bin/ld
configure:3624: checking if the linker (/usr/bin/ld) is GNU ld
configure:3639: result: yes
configure:3651: checking for BSD- or MS-compatible name lister (nm)
configure:3700: result: /usr/bin/nm -B
configure:3830: checking the name lister (/usr/bin/nm -B) interface
configure:3837: gcc -c -g -O2  conftest.c >&5
configure:3840: /usr/bin/nm -B "conftest.o"
configure:3843: output
0000000000000000 B some_variable
configure:3850: result: BSD nm
configure:3853: checking whether ln -s works
configure:3857: result: yes
configure:3865: checking the maximum length of command line arguments
configure:3996: result: 1572864
configure:4013: checking whether the shell understands some XSI constructs
configure:4023: result: yes
configure:4027: checking whether the shell understands "+="
configure:4033: result: yes
configure:4068: checking how to convert x86_64-unknown-linux-gnu file names to x86_64-unknown-linux-gnu format
configure:4108: result: func_convert_file_noop
configure:4115: checking how to convert x86_64-unknown-linux-gnu file names to toolchain format
configure:4135: result: func_convert_file_noop
configure:4142: checking for /usr/bin/ld option to reload object files
configure:4149: result: -r
configure:4223: checking for objdump
configure:4239: found /usr/bin/objdump
configure:4250: result: objdump
configure:4282: checking how to recognize dependent libraries
configure:4480: result: pass_all
configure:4565: checking for dlltool
configure:4595: result: no
configure:4625: checking how to associate runtime and link libraries
configure:4652: result: printf %s\n
configure:4713: checking for ar
configure:4729: found /usr/bin/ar
configure:4740: result: ar
configure:4777: checking for archiver @FILE support
configure:4794: gcc -c -g -O2  conftest.c >&5
configure:4794: $? = 0
configure:4797: ar cru libconftest.a @conftest.lst >&5
configure:4800: $? = 0
configure:4805: ar cru libconftest.a @conftest.lst >&5
ar: conftest.o: No such file or directory
configure:4808: $? = 1
configure:4820: result: @
configure:4878: checking for strip
configure:4894: found /usr/bin/strip
configure:4905: result: strip
configure:4977: checking for ranlib
configure:4993: found /usr/bin/ranlib
configure:5004: result: ranlib
configure:5081: checking for gawk
configure:5111: result: no
configure:5081: checking for mawk
configure:5097: found /usr/bin/mawk
configure:5108: result: mawk
configure:5148: checking command to parse /usr/bin/nm -B output from gcc object
configure:5268: gcc -c -g -O2  conftest.c >&5
configure:5271: $? = 0
configure:5275: /usr/bin/nm -B conftest.o \| sed -n -e 's/^.*[ ]\([ABCDGIRSTW][ABCDGIRSTW]*\)[ ][ ]*\([_A-Za-z][_A-Za-z0-9]*\)$/\1 \2 \2/p' | sed '/ __gnu_lto/d' \> conftest.nm
configure:5278: $? = 0
configure:5344: gcc -o conftest -g -O2   conftest.c conftstm.o >&5
configure:5347: $? = 0
configure:5385: result: ok
configure:5422: checking for sysroot
configure:5452: result: no
configure:5529: gcc -c -g -O2  conftest.c >&5
configure:5532: $? = 0
configure:5721: checking for mt
configure:5737: found /bin/mt
configure:5748: result: mt
configure:5771: checking if mt is a manifest tool
configure:5777: mt '-?'
configure:5785: result: no
configure:6427: checking how to run the C preprocessor
configure:6458: gcc -E  conftest.c
configure:6458: $? = 0
configure:6472: gcc -E  conftest.c
conftest.c:9:28: fatal error: ac_nonexistent.h: No such file or directory
 #include <ac_nonexistent.h>
                            ^
compilation terminated.
configure:6472: $? = 1
configure: failed program was:
| /* confdefs.h */
| #define PACKAGE_NAME "leptonica"
| #define PACKAGE_TARNAME "leptonica"
| #define PACKAGE_VERSION "1.70"
| #define PACKAGE_STRING "leptonica 1.70"
| #define PACKAGE_BUGREPORT ""
| #define PACKAGE_URL ""
| /* end confdefs.h.  */
| #include <ac_nonexistent.h>
configure:6497: result: gcc -E
configure:6517: gcc -E  conftest.c
configure:6517: $? = 0
configure:6531: gcc -E  conftest.c
conftest.c:9:28: fatal error: ac_nonexistent.h: No such file or directory
 #include <ac_nonexistent.h>
                            ^
compilation terminated.
configure:6531: $? = 1
configure: failed program was:
| /* confdefs.h */
| #define PACKAGE_NAME "leptonica"
| #define PACKAGE_TARNAME "leptonica"
| #define PACKAGE_VERSION "1.70"
| #define PACKAGE_STRING "leptonica 1.70"
| #define PACKAGE_BUGREPORT ""
| #define PACKAGE_URL ""
| /* end confdefs.h.  */
| #include <ac_nonexistent.h>
configure:6560: checking for ANSI C header files
configure:6580: gcc -c -g -O2  conftest.c >&5
configure:6580: $? = 0
configure:6653: gcc -o conftest -g -O2   conftest.c  >&5
configure:6653: $? = 0
configure:6653: ./conftest
configure:6653: $? = 0
configure:6664: result: yes
configure:6677: checking for sys/types.h
configure:6677: gcc -c -g -O2  conftest.c >&5
configure:6677: $? = 0
configure:6677: result: yes
configure:6677: checking for sys/stat.h
configure:6677: gcc -c -g -O2  conftest.c >&5
configure:6677: $? = 0
configure:6677: result: yes
configure:6677: checking for stdlib.h
configure:6677: gcc -c -g -O2  conftest.c >&5
configure:6677: $? = 0
configure:6677: result: yes
configure:6677: checking for string.h
configure:6677: gcc -c -g -O2  conftest.c >&5
configure:6677: $? = 0
configure:6677: result: yes
configure:6677: checking for memory.h
configure:6677: gcc -c -g -O2  conftest.c >&5
configure:6677: $? = 0
configure:6677: result: yes
configure:6677: checking for strings.h
configure:6677: gcc -c -g -O2  conftest.c >&5
configure:6677: $? = 0
configure:6677: result: yes
configure:6677: checking for inttypes.h
configure:6677: gcc -c -g -O2  conftest.c >&5
configure:6677: $? = 0
configure:6677: result: yes
configure:6677: checking for stdint.h
configure:6677: gcc -c -g -O2  conftest.c >&5
configure:6677: $? = 0
configure:6677: result: yes
configure:6677: checking for unistd.h
configure:6677: gcc -c -g -O2  conftest.c >&5
configure:6677: $? = 0
configure:6677: result: yes
configure:6691: checking for dlfcn.h
configure:6691: gcc -c -g -O2  conftest.c >&5
configure:6691: $? = 0
configure:6691: result: yes
configure:6897: checking for objdir
configure:6912: result: .libs
configure:7183: checking if gcc supports -fno-rtti -fno-exceptions
configure:7201: gcc -c -g -O2  -fno-rtti -fno-exceptions conftest.c >&5
cc1: warning: command line option '-fno-rtti' is valid for C++/ObjC++ but not for C [enabled by default]
configure:7205: $? = 0
configure:7218: result: no
configure:7545: checking for gcc option to produce PIC
configure:7552: result: -fPIC -DPIC
configure:7560: checking if gcc PIC flag -fPIC -DPIC works
configure:7578: gcc -c -g -O2  -fPIC -DPIC -DPIC conftest.c >&5
configure:7582: $? = 0
configure:7595: result: yes
configure:7624: checking if gcc static flag -static works
configure:7652: result: yes
configure:7667: checking if gcc supports -c -o file.o
configure:7688: gcc -c -g -O2  -o out/conftest2.o conftest.c >&5
configure:7692: $? = 0
configure:7714: result: yes
configure:7722: checking if gcc supports -c -o file.o
configure:7769: result: yes
configure:7802: checking whether the gcc linker (/usr/bin/ld -m elf_x86_64) supports shared libraries
configure:8959: result: yes
configure:8996: checking whether -lc should be explicitly linked in
configure:9004: gcc -c -g -O2  conftest.c >&5
configure:9007: $? = 0
configure:9022: gcc -shared  -fPIC -DPIC conftest.o  -v -Wl,-soname -Wl,conftest -o conftest 2\>\&1 \| /bin/grep  -lc  \>/dev/null 2\>\&1
configure:9025: $? = 0
configure:9039: result: no
configure:9199: checking dynamic linker characteristics
configure:9699: gcc -o conftest -g -O2   -Wl,-rpath -Wl,/foo conftest.c  >&5
configure:9699: $? = 0
configure:9933: result: GNU/Linux ld.so
configure:10040: checking how to hardcode library paths into programs
configure:10065: result: immediate
configure:10605: checking whether stripping libraries is possible
configure:10610: result: yes
configure:10645: checking if libtool supports shared libraries
configure:10647: result: yes
configure:10650: checking whether to build shared libraries
configure:10671: result: yes
configure:10674: checking whether to build static libraries
configure:10678: result: yes
configure:10732: checking for a BSD-compatible install
configure:10800: result: /usr/bin/install -c
configure:10811: checking whether build environment is sane
configure:10866: result: yes
configure:10901: WARNING: 'missing' script is too old or missing
configure:11014: checking for a thread-safe mkdir -p
configure:11053: result: /bin/mkdir -p
configure:11056: checking whether make sets $(MAKE)
configure:11078: result: yes
configure:11108: checking for style of include used by make
configure:11136: result: GNU
configure:11170: checking whether make supports nested variables
configure:11187: result: yes
configure:11272: checking dependency style of gcc
configure:11383: result: gcc3
configure:11453: checking for gawk
configure:11480: result: mawk
configure:11539: checking for gcc
configure:11566: result: gcc
configure:11795: checking for C compiler version
configure:11804: gcc --version >&5
gcc (Ubuntu 4.8.2-19ubuntu1) 4.8.2
Copyright (C) 2013 Free Software Foundation, Inc.
This is free software; see the source for copying conditions.  There is NO
warranty; not even for MERCHANTABILITY or FITNESS FOR A PARTICULAR PURPOSE.

configure:11815: $? = 0
configure:11804: gcc -v >&5
Using built-in specs.
COLLECT_GCC=gcc
COLLECT_LTO_WRAPPER=/usr/lib/gcc/x86_64-linux-gnu/4.8/lto-wrapper
Target: x86_64-linux-gnu
Configured with: ../src/configure -v --with-pkgversion='Ubuntu 4.8.2-19ubuntu1' --with-bugurl=file:///usr/share/doc/gcc-4.8/README.Bugs --enable-languages=c,c++,java,go,d,fortran,objc,obj-c++ --prefix=/usr --program-suffix=-4.8 --enable-shared --enable-linker-build-id --libexecdir=/usr/lib --without-included-gettext --enable-threads=posix --with-gxx-include-dir=/usr/include/c++/4.8 --libdir=/usr/lib --enable-nls --with-sysroot=/ --enable-clocale=gnu --enable-libstdcxx-debug --enable-libstdcxx-time=yes --enable-gnu-unique-object --disable-libmudflap --enable-plugin --with-system-zlib --disable-browser-plugin --enable-java-awt=gtk --enable-gtk-cairo --with-java-home=/usr/lib/jvm/java-1.5.0-gcj-4.8-amd64/jre --enable-java-home --with-jvm-root-dir=/usr/lib/jvm/java-1.5.0-gcj-4.8-amd64 --with-jvm-jar-dir=/usr/lib/jvm-exports/java-1.5.0-gcj-4.8-amd64 --with-arch-directory=amd64 --with-ecj-jar=/usr/share/java/eclipse-ecj.jar --enable-objc-gc --enable-multiarch --disable-werror --with-arch-32=i686 --with-abi=m64 --with-multilib-list=m32,m64,mx32 --with-tune=generic --enable-checking=release --build=x86_64-linux-gnu --host=x86_64-linux-gnu --target=x86_64-linux-gnu
Thread model: posix
gcc version 4.8.2 (Ubuntu 4.8.2-19ubuntu1) 
configure:11815: $? = 0
configure:11804: gcc -V >&5
gcc: error: unrecognized command line option '-V'
gcc: fatal error: no input files
compilation terminated.
configure:11815: $? = 4
configure:11804: gcc -qversion >&5
gcc: error: unrecognized command line option '-qversion'
gcc: fatal error: no input files
compilation terminated.
configure:11815: $? = 4
configure:11819: checking whether we are using the GNU C compiler
configure:11847: result: yes
configure:11856: checking whether gcc accepts -g
configure:11917: result: yes
configure:11934: checking for gcc option to accept ISO C89
configure:12010: result: none needed
configure:12035: checking whether gcc understands -c and -o together
configure:12072: result: yes
configure:12094: checking how to run the C preprocessor
configure:12164: result: gcc -E
configure:12184: gcc -E  conftest.c
configure:12184: $? = 0
configure:12198: gcc -E  conftest.c
conftest.c:23:28: fatal error: ac_nonexistent.h: No such file or directory
 #include <ac_nonexistent.h>
                            ^
compilation terminated.
configure:12198: $? = 1
configure: failed program was:
| /* confdefs.h */
| #define PACKAGE_NAME "leptonica"
| #define PACKAGE_TARNAME "leptonica"
| #define PACKAGE_VERSION "1.70"
| #define PACKAGE_STRING "leptonica 1.70"
| #define PACKAGE_BUGREPORT ""
| #define PACKAGE_URL ""
| #define STDC_HEADERS 1
| #define HAVE_SYS_TYPES_H 1
| #define HAVE_SYS_STAT_H 1
| #define HAVE_STDLIB_H 1
| #define HAVE_STRING_H 1
| #define HAVE_MEMORY_H 1
| #define HAVE_STRINGS_H 1
| #define HAVE_INTTYPES_H 1
| #define HAVE_STDINT_H 1
| #define HAVE_UNISTD_H 1
| #define HAVE_DLFCN_H 1
| #define LT_OBJDIR ".libs/"
| #define PACKAGE "leptonica"
| #define VERSION "1.70"
| /* end confdefs.h.  */
| #include <ac_nonexistent.h>
configure:12228: checking whether ln -s works
configure:12232: result: yes
configure:12239: checking whether make sets $(MAKE)
configure:12261: result: yes
configure:12412: checking for cos in -lm
configure:12437: gcc -o conftest -g -O2   conftest.c -lm   >&5
conftest.c:30:6: warning: conflicting types for built-in function 'cos' [enabled by default]
 char cos ();
      ^
configure:12437: $? = 0
configure:12446: result: yes
configure:12458: checking for deflate in -lz
configure:12483: gcc -o conftest -g -O2   conftest.c -lz   >&5
configure:12483: $? = 0
configure:12492: result: yes
configure:12510: checking for png_read_png in -lpng
configure:12535: gcc -o conftest -g -O2   conftest.c -lpng   >&5
configure:12535: $? = 0
configure:12544: result: yes
configure:12562: checking for jpeg_read_scanlines in -ljpeg
configure:12587: gcc -o conftest -g -O2   conftest.c -ljpeg   >&5
configure:12587: $? = 0
configure:12596: result: yes
configure:12614: checking for DGifOpenFileHandle in -lgif
configure:12639: gcc -o conftest -g -O2   conftest.c -lgif   >&5
/usr/bin/ld: cannot find -lgif
collect2: error: ld returned 1 exit status
configure:12639: $? = 1
configure: failed program was:
| /* confdefs.h */
| #define PACKAGE_NAME "leptonica"
| #define PACKAGE_TARNAME "leptonica"
| #define PACKAGE_VERSION "1.70"
| #define PACKAGE_STRING "leptonica 1.70"
| #define PACKAGE_BUGREPORT ""
| #define PACKAGE_URL ""
| #define STDC_HEADERS 1
| #define HAVE_SYS_TYPES_H 1
| #define HAVE_SYS_STAT_H 1
| #define HAVE_STDLIB_H 1
| #define HAVE_STRING_H 1
| #define HAVE_MEMORY_H 1
| #define HAVE_STRINGS_H 1
| #define HAVE_INTTYPES_H 1
| #define HAVE_STDINT_H 1
| #define HAVE_UNISTD_H 1
| #define HAVE_DLFCN_H 1
| #define LT_OBJDIR ".libs/"
| #define PACKAGE "leptonica"
| #define VERSION "1.70"
| #define HAVE_LIBZ 1
| #define HAVE_LIBPNG 1
| #define HAVE_LIBJPEG 1
| /* end confdefs.h.  */
| 
| /* Override any GCC internal prototype to avoid an error.
|    Use char because int might match the return type of a GCC
|    builtin and then its argument prototype would still apply.  */
| #ifdef __cplusplus
| extern "C"
| #endif
| char DGifOpenFileHandle ();
| int
| main ()
| {
| return DGifOpenFileHandle ();
|   ;
|   return 0;
| }
configure:12648: result: no
configure:12666: checking for TIFFOpen in -ltiff
configure:12692: gcc -o conftest -g -O2   conftest.c -ltiff -lz -ljpeg
    >&5
configure:12692: $? = 0
configure:12701: result: yes
configure:12718: checking for WebPGetInfo in -lwebp
configure:12743: gcc -o conftest -g -O2   conftest.c -lwebp   >&5
configure:12743: $? = 0
configure:12752: result: yes
configure:12786: checking whether make supports nested variables
configure:12803: result: yes
configure:12816: checking for size_t
configure:12816: gcc -c -g -O2  conftest.c >&5
configure:12816: $? = 0
configure:12816: gcc -c -g -O2  conftest.c >&5
conftest.c: In function 'main':
conftest.c:64:21: error: expected expression before ')' token
 if (sizeof ((size_t)))
                     ^
configure:12816: $? = 1
configure: failed program was:
| /* confdefs.h */
| #define PACKAGE_NAME "leptonica"
| #define PACKAGE_TARNAME "leptonica"
| #define PACKAGE_VERSION "1.70"
| #define PACKAGE_STRING "leptonica 1.70"
| #define PACKAGE_BUGREPORT ""
| #define PACKAGE_URL ""
| #define STDC_HEADERS 1
| #define HAVE_SYS_TYPES_H 1
| #define HAVE_SYS_STAT_H 1
| #define HAVE_STDLIB_H 1
| #define HAVE_STRING_H 1
| #define HAVE_MEMORY_H 1
| #define HAVE_STRINGS_H 1
| #define HAVE_INTTYPES_H 1
| #define HAVE_STDINT_H 1
| #define HAVE_UNISTD_H 1
| #define HAVE_DLFCN_H 1
| #define LT_OBJDIR ".libs/"
| #define PACKAGE "leptonica"
| #define VERSION "1.70"
| #define HAVE_LIBZ 1
| #define HAVE_LIBPNG 1
| #define HAVE_LIBJPEG 1
| #define HAVE_LIBTIFF 1
| #define HAVE_LIBWEBP 1
| /* end confdefs.h.  */
| #include <stdio.h>
| #ifdef HAVE_SYS_TYPES_H
| # include <sys/types.h>
| #endif
| #ifdef HAVE_SYS_STAT_H
| # include <sys/stat.h>
| #endif
| #ifdef STDC_HEADERS
| # include <stdlib.h>
| # include <stddef.h>
| #else
| # ifdef HAVE_STDLIB_H
| #  include <stdlib.h>
| # endif
| #endif
| #ifdef HAVE_STRING_H
| # if !defined STDC_HEADERS && defined HAVE_MEMORY_H
| #  include <memory.h>
| # endif
| # include <string.h>
| #endif
| #ifdef HAVE_STRINGS_H
| # include <strings.h>
| #endif
| #ifdef HAVE_INTTYPES_H
| # include <inttypes.h>
| #endif
| #ifdef HAVE_STDINT_H
| # include <stdint.h>
| #endif
| #ifdef HAVE_UNISTD_H
| # include <unistd.h>
| #endif
| int
| main ()
| {
| if (sizeof ((size_t)))
| 	    return 0;
|   ;
|   return 0;
| }
configure:12816: result: yes
configure:12827: checking whether byte ordering is bigendian
configure:12842: gcc -c -g -O2  conftest.c >&5
conftest.c:29:9: error: unknown type name 'not'
         not a universal capable compiler
         ^
conftest.c:29:15: error: expected '=', ',', ';', 'asm' or '__attribute__' before 'universal'
         not a universal capable compiler
               ^
conftest.c:29:15: error: unknown type name 'universal'
configure:12842: $? = 1
configure: failed program was:
| /* confdefs.h */
| #define PACKAGE_NAME "leptonica"
| #define PACKAGE_TARNAME "leptonica"
| #define PACKAGE_VERSION "1.70"
| #define PACKAGE_STRING "leptonica 1.70"
| #define PACKAGE_BUGREPORT ""
| #define PACKAGE_URL ""
| #define STDC_HEADERS 1
| #define HAVE_SYS_TYPES_H 1
| #define HAVE_SYS_STAT_H 1
| #define HAVE_STDLIB_H 1
| #define HAVE_STRING_H 1
| #define HAVE_MEMORY_H 1
| #define HAVE_STRINGS_H 1
| #define HAVE_INTTYPES_H 1
| #define HAVE_STDINT_H 1
| #define HAVE_UNISTD_H 1
| #define HAVE_DLFCN_H 1
| #define LT_OBJDIR ".libs/"
| #define PACKAGE "leptonica"
| #define VERSION "1.70"
| #define HAVE_LIBZ 1
| #define HAVE_LIBPNG 1
| #define HAVE_LIBJPEG 1
| #define HAVE_LIBTIFF 1
| #define HAVE_LIBWEBP 1
| /* end confdefs.h.  */
| #ifndef __APPLE_CC__
| 	       not a universal capable compiler
| 	     #endif
| 	     typedef int dummy;
| 
configure:12887: gcc -c -g -O2  conftest.c >&5
configure:12887: $? = 0
configure:12905: gcc -c -g -O2  conftest.c >&5
conftest.c: In function 'main':
conftest.c:35:4: error: unknown type name 'not'
    not big endian
    ^
conftest.c:35:12: error: expected '=', ',', ';', 'asm' or '__attribute__' before 'endian'
    not big endian
            ^
configure:12905: $? = 1
configure: failed program was:
| /* confdefs.h */
| #define PACKAGE_NAME "leptonica"
| #define PACKAGE_TARNAME "leptonica"
| #define PACKAGE_VERSION "1.70"
| #define PACKAGE_STRING "leptonica 1.70"
| #define PACKAGE_BUGREPORT ""
| #define PACKAGE_URL ""
| #define STDC_HEADERS 1
| #define HAVE_SYS_TYPES_H 1
| #define HAVE_SYS_STAT_H 1
| #define HAVE_STDLIB_H 1
| #define HAVE_STRING_H 1
| #define HAVE_MEMORY_H 1
| #define HAVE_STRINGS_H 1
| #define HAVE_INTTYPES_H 1
| #define HAVE_STDINT_H 1
| #define HAVE_UNISTD_H 1
| #define HAVE_DLFCN_H 1
| #define LT_OBJDIR ".libs/"
| #define PACKAGE "leptonica"
| #define VERSION "1.70"
| #define HAVE_LIBZ 1
| #define HAVE_LIBPNG 1
| #define HAVE_LIBJPEG 1
| #define HAVE_LIBTIFF 1
| #define HAVE_LIBWEBP 1
| /* end confdefs.h.  */
| #include <sys/types.h>
| 		#include <sys/param.h>
| 
| int
| main ()
| {
| #if BYTE_ORDER != BIG_ENDIAN
| 		 not big endian
| 		#endif
| 
|   ;
|   return 0;
| }
configure:13033: result: no
configure:13065: checking whether compiler supports -Wl,--as-needed
configure:13081: gcc -o conftest -g -O2  -Wl,--as-needed  conftest.c  >&5
configure:13081: $? = 0
configure:13082: result: yes
configure:13095: checking for fmemopen
configure:13095: gcc -o conftest -g -O2  -Wl,--as-needed  conftest.c  >&5
configure:13095: $? = 0
configure:13095: result: yes
configure:13215: checking that generated files are newer than configure
configure:13221: result: done
configure:13249: creating ./config.status

## ---------------------- ##
## Running config.status. ##
## ---------------------- ##

This file was extended by leptonica config.status 1.70, which was
generated by GNU Autoconf 2.69.  Invocation command line was

  CONFIG_FILES    = 
  CONFIG_HEADERS  = 
  CONFIG_LINKS    = 
  CONFIG_COMMANDS = 
  $ ./config.status 

on vtc-ThinkStation-S30

config.status:1102: creating Makefile
config.status:1102: creating src/endianness.h
config.status:1102: creating src/Makefile
config.status:1102: creating prog/Makefile
config.status:1102: creating lept.pc
config.status:1102: creating config_auto.h
config.status:1331: executing libtool commands
config.status:1331: executing depfiles commands

## ---------------- ##
## Cache variables. ##
## ---------------- ##

ac_cv_build=x86_64-unknown-linux-gnu
ac_cv_c_bigendian=no
ac_cv_c_compiler_gnu=yes
ac_cv_env_CC_set=
ac_cv_env_CC_value=
ac_cv_env_CFLAGS_set=
ac_cv_env_CFLAGS_value=
ac_cv_env_CPPFLAGS_set=
ac_cv_env_CPPFLAGS_value=
ac_cv_env_CPP_set=
ac_cv_env_CPP_value=
ac_cv_env_LDFLAGS_set=
ac_cv_env_LDFLAGS_value=
ac_cv_env_LIBS_set=
ac_cv_env_LIBS_value=
ac_cv_env_build_alias_set=
ac_cv_env_build_alias_value=
ac_cv_env_host_alias_set=
ac_cv_env_host_alias_value=
ac_cv_env_target_alias_set=
ac_cv_env_target_alias_value=
ac_cv_func_fmemopen=yes
ac_cv_header_dlfcn_h=yes
ac_cv_header_inttypes_h=yes
ac_cv_header_memory_h=yes
ac_cv_header_stdc=yes
ac_cv_header_stdint_h=yes
ac_cv_header_stdlib_h=yes
ac_cv_header_string_h=yes
ac_cv_header_strings_h=yes
ac_cv_header_sys_stat_h=yes
ac_cv_header_sys_types_h=yes
ac_cv_header_unistd_h=yes
ac_cv_host=x86_64-unknown-linux-gnu
ac_cv_lib_gif_DGifOpenFileHandle=no
ac_cv_lib_jpeg_jpeg_read_scanlines=yes
ac_cv_lib_m_cos=yes
ac_cv_lib_png_png_read_png=yes
ac_cv_lib_tiff_TIFFOpen=yes
ac_cv_lib_webp_WebPGetInfo=yes
ac_cv_lib_z_deflate=yes
ac_cv_objext=o
ac_cv_path_EGREP='/bin/grep -E'
ac_cv_path_FGREP='/bin/grep -F'
ac_cv_path_GREP=/bin/grep
ac_cv_path_SED=/bin/sed
ac_cv_path_install='/usr/bin/install -c'
ac_cv_path_mkdir=/bin/mkdir
ac_cv_prog_AWK=mawk
ac_cv_prog_CPP='gcc -E'
ac_cv_prog_ac_ct_AR=ar
ac_cv_prog_ac_ct_CC=gcc
ac_cv_prog_ac_ct_MANIFEST_TOOL=mt
ac_cv_prog_ac_ct_OBJDUMP=objdump
ac_cv_prog_ac_ct_RANLIB=ranlib
ac_cv_prog_ac_ct_STRIP=strip
ac_cv_prog_cc_c89=
ac_cv_prog_cc_g=yes
ac_cv_prog_make_make_set=yes
ac_cv_type_size_t=yes
am_cv_CC_dependencies_compiler_type=gcc3
am_cv_make_support_nested_variables=yes
am_cv_prog_cc_c_o=yes
lt_cv_ar_at_file=@
lt_cv_archive_cmds_need_lc=no
lt_cv_deplibs_check_method=pass_all
lt_cv_file_magic_cmd='$MAGIC_CMD'
lt_cv_file_magic_test_file=
lt_cv_ld_reload_flag=-r
lt_cv_nm_interface='BSD nm'
lt_cv_objdir=.libs
lt_cv_path_LD=/usr/bin/ld
lt_cv_path_NM='/usr/bin/nm -B'
lt_cv_path_mainfest_tool=no
lt_cv_prog_compiler_c_o=yes
lt_cv_prog_compiler_pic='-fPIC -DPIC'
lt_cv_prog_compiler_pic_works=yes
lt_cv_prog_compiler_rtti_exceptions=no
lt_cv_prog_compiler_static_works=yes
lt_cv_prog_gnu_ld=yes
lt_cv_sharedlib_from_linklib_cmd='printf %s\n'
lt_cv_shlibpath_overrides_runpath=no
lt_cv_sys_global_symbol_pipe='sed -n -e '\''s/^.*[	 ]\([ABCDGIRSTW][ABCDGIRSTW]*\)[	 ][	 ]*\([_A-Za-z][_A-Za-z0-9]*\)$/\1 \2 \2/p'\'' | sed '\''/ __gnu_lto/d'\'''
lt_cv_sys_global_symbol_to_c_name_address='sed -n -e '\''s/^: \([^ ]*\)[ ]*$/  {\"\1\", (void *) 0},/p'\'' -e '\''s/^[ABCDGIRSTW]* \([^ ]*\) \([^ ]*\)$/  {"\2", (void *) \&\2},/p'\'''
lt_cv_sys_global_symbol_to_c_name_address_lib_prefix='sed -n -e '\''s/^: \([^ ]*\)[ ]*$/  {\"\1\", (void *) 0},/p'\'' -e '\''s/^[ABCDGIRSTW]* \([^ ]*\) \(lib[^ ]*\)$/  {"\2", (void *) \&\2},/p'\'' -e '\''s/^[ABCDGIRSTW]* \([^ ]*\) \([^ ]*\)$/  {"lib\2", (void *) \&\2},/p'\'''
lt_cv_sys_global_symbol_to_cdecl='sed -n -e '\''s/^T .* \(.*\)$/extern int \1();/p'\'' -e '\''s/^[ABCDGIRSTW]* .* \(.*\)$/extern char \1;/p'\'''
lt_cv_sys_max_cmd_len=1572864
lt_cv_to_host_file_cmd=func_convert_file_noop
lt_cv_to_tool_file_cmd=func_convert_file_noop

## ----------------- ##
## Output variables. ##
## ----------------- ##

ACLOCAL='aclocal-1.14'
AMDEPBACKSLASH='\'
AMDEP_FALSE='#'
AMDEP_TRUE=''
AMTAR='$${TAR-tar}'
AM_BACKSLASH='\'
AM_DEFAULT_V='$(AM_DEFAULT_VERBOSITY)'
AM_DEFAULT_VERBOSITY='0'
AM_V='$(V)'
APPLE_UNIVERSAL_BUILD='0'
AR='ar'
AUTOCONF='autoconf'
AUTOHEADER='autoheader'
AUTOMAKE='automake-1.14'
AWK='mawk'
CC='gcc'
CCDEPMODE='depmode=gcc3'
CFLAGS='-g -O2'
CPP='gcc -E'
CPPFLAGS=''
CYGPATH_W='echo'
DEFS='-DHAVE_CONFIG_H'
DEPDIR='.deps'
DLLTOOL='false'
DSYMUTIL=''
DUMPBIN=''
ECHO_C=''
ECHO_N='-n'
ECHO_T=''
EGREP='/bin/grep -E'
ENABLE_PROGRAMS_FALSE='#'
ENABLE_PROGRAMS_TRUE=''
ENDIANNESS='L_LITTLE_ENDIAN'
EXEEXT=''
FGREP='/bin/grep -F'
GDI_LIBS=''
GIFLIB_LIBS=''
GREP='/bin/grep'
INSTALL_DATA='${INSTALL} -m 644'
INSTALL_PROGRAM='${INSTALL}'
INSTALL_SCRIPT='${INSTALL}'
INSTALL_STRIP_PROGRAM='$(install_sh) -c -s'
JPEG_LIBS='-ljpeg'
LD='/usr/bin/ld -m elf_x86_64'
LDFLAGS='-Wl,--as-needed '
LIBM='-lm'
LIBOBJS=''
LIBPNG_LIBS='-lpng'
LIBS=''
LIBTIFF_LIBS='-ltiff'
LIBTOOL='$(SHELL) $(top_builddir)/libtool'
LIBWEBP_LIBS='-lwebp'
LIPO=''
LN_S='ln -s'
LTLIBOBJS=''
MAKEINFO='makeinfo'
MANIFEST_TOOL=':'
MKDIR_P='/bin/mkdir -p'
NM='/usr/bin/nm -B'
NMEDIT=''
OBJDUMP='objdump'
OBJEXT='o'
OTOOL64=''
OTOOL=''
PACKAGE='leptonica'
PACKAGE_BUGREPORT=''
PACKAGE_NAME='leptonica'
PACKAGE_STRING='leptonica 1.70'
PACKAGE_TARNAME='leptonica'
PACKAGE_URL=''
PACKAGE_VERSION='1.70'
PATH_SEPARATOR=':'
RANLIB='ranlib'
SED='/bin/sed'
SET_MAKE=''
SHELL='/bin/bash'
STRIP='strip'
VERSION='1.70'
ZLIB_LIBS='-lz'
ac_ct_AR='ar'
ac_ct_CC='gcc'
ac_ct_DUMPBIN=''
am__EXEEXT_FALSE=''
am__EXEEXT_TRUE='#'
am__fastdepCC_FALSE='#'
am__fastdepCC_TRUE=''
am__include='include'
am__isrc=''
am__leading_dot='.'
am__nodep='_no'
am__quote=''
am__tar='$${TAR-tar} chof - "$$tardir"'
am__untar='$${TAR-tar} xf -'
bindir='${exec_prefix}/bin'
build='x86_64-unknown-linux-gnu'
build_alias=''
build_cpu='x86_64'
build_os='linux-gnu'
build_vendor='unknown'
datadir='${datarootdir}'
datarootdir='${prefix}/share'
docdir='${datarootdir}/doc/${PACKAGE_TARNAME}'
dvidir='${docdir}'
exec_prefix='${prefix}'
host='x86_64-unknown-linux-gnu'
host_alias=''
host_cpu='x86_64'
host_os='linux-gnu'
host_vendor='unknown'
htmldir='${docdir}'
includedir='${prefix}/include'
infodir='${datarootdir}/info'
install_sh='${SHELL} /home/vtc/SudokuSolver/leptonica-1.70/config/install-sh'
libdir='${exec_prefix}/lib'
libexecdir='${exec_prefix}/libexec'
localedir='${datarootdir}/locale'
localstatedir='${prefix}/var'
mandir='${datarootdir}/man'
mkdir_p='$(MKDIR_P)'
oldincludedir='/usr/include'
pdfdir='${docdir}'
prefix='/usr/local'
program_transform_name='s,x,x,'
psdir='${docdir}'
sbindir='${exec_prefix}/sbin'
sharedstatedir='${prefix}/com'
sysconfdir='${prefix}/etc'
target_alias=''

## ----------- ##
## confdefs.h. ##
## ----------- ##

/* confdefs.h */
#define PACKAGE_NAME "leptonica"
#define PACKAGE_TARNAME "leptonica"
#define PACKAGE_VERSION "1.70"
#define PACKAGE_STRING "leptonica 1.70"
#define PACKAGE_BUGREPORT ""
#define PACKAGE_URL ""
#define STDC_HEADERS 1
#define HAVE_SYS_TYPES_H 1
#define HAVE_SYS_STAT_H 1
#define HAVE_STDLIB_H 1
#define HAVE_STRING_H 1
#define HAVE_MEMORY_H 1
#define HAVE_STRINGS_H 1
#define HAVE_INTTYPES_H 1
#define HAVE_STDINT_H 1
#define HAVE_UNISTD_H 1
#define HAVE_DLFCN_H 1
#define LT_OBJDIR ".libs/"
#define PACKAGE "leptonica"
#define VERSION "1.70"
#define HAVE_LIBZ 1
#define HAVE_LIBPNG 1
#define HAVE_LIBJPEG 1
#define HAVE_LIBTIFF 1
#define HAVE_LIBWEBP 1
#define HAVE_FMEMOPEN 1

configure: exit 0

## ---------------------- ##
## Running config.status. ##
## ---------------------- ##

This file was extended by leptonica config.status 1.70, which was
generated by GNU Autoconf 2.69.  Invocation command line was

  CONFIG_FILES    = 
  CONFIG_HEADERS  = 
  CONFIG_LINKS    = 
  CONFIG_COMMANDS = 
  $ ./config.status config_auto.h

on vtc-ThinkStation-S30

config.status:1102: creating config_auto.h
config.status:1283: config_auto.h is unchanged
